<?xml version="1.0" encoding="UTF-8"?>
<testng-results skipped="0" failed="1" total="5" passed="4">
  <reporter-output>
  </reporter-output>
  <suite name="тестовый запуск" duration-ms="572194" started-at="2017-09-19T20:59:00Z" finished-at="2017-09-19T21:08:32Z">
    <groups>
    </groups>
    <test name="012" duration-ms="137909" started-at="2017-09-19T20:59:00Z" finished-at="2017-09-19T21:01:17Z">
      <class name="tests.test_Watemark_YesSponsored">
        <test-method status="PASS" signature="before(org.testng.ITestContext)" name="before" is-config="true" duration-ms="0" started-at="2017-09-19T20:59:00Z" finished-at="2017-09-19T20:59:00Z">
          <params>
            <param index="0">
              <value>
                <![CDATA[org.testng.TestRunner@508dec2b]]>
              </value>
            </param>
          </params>
        </test-method>
        <test-method status="PASS" signature="test15_3()" name="test15_3" duration-ms="137846" started-at="2017-09-19T20:59:00Z" finished-at="2017-09-19T21:01:17Z">
        </test-method>
        <test-method status="PASS" signature="afterTest()" name="afterTest" is-config="true" duration-ms="0" started-at="2017-09-19T21:01:17Z" depends-on-methods="tests.test_Watemark_YesSponsored.after" finished-at="2017-09-19T21:01:17Z">
        </test-method>
        <test-method status="PASS" signature="after()" name="after" is-config="true" duration-ms="0" started-at="2017-09-19T21:01:17Z" finished-at="2017-09-19T21:01:17Z">
        </test-method>
      </class>
    </test>
    <test name="014" duration-ms="129752" started-at="2017-09-19T21:01:17Z" finished-at="2017-09-19T21:03:27Z">
      <class name="tests.test_Animation">
        <test-method status="PASS" signature="before(org.testng.ITestContext)" name="before" is-config="true" duration-ms="0" started-at="2017-09-19T21:01:17Z" finished-at="2017-09-19T21:01:17Z">
          <params>
            <param index="0">
              <value>
                <![CDATA[org.testng.TestRunner@1e4f4a5c]]>
              </value>
            </param>
          </params>
        </test-method>
        <test-method status="FAIL" signature="test11()" name="test11" duration-ms="63863" started-at="2017-09-19T21:01:17Z" finished-at="2017-09-19T21:02:21Z">
          <exception class="java.lang.AssertionError">
            <message>
              <![CDATA[Compare files result : FALSE.]]>
            </message>
            <full-stacktrace>
              <![CDATA[java.lang.AssertionError: Compare files result : FALSE.
	at api.apps.PhotoLab.Custom.compareFiles(Custom.java:93)
	at tests.test_Animation.test11(test_Animation.java:55)
	at sun.reflect.NativeMethodAccessorImpl.invoke0(Native Method)
	at sun.reflect.NativeMethodAccessorImpl.invoke(NativeMethodAccessorImpl.java:62)
	at sun.reflect.DelegatingMethodAccessorImpl.invoke(DelegatingMethodAccessorImpl.java:43)
	at java.lang.reflect.Method.invoke(Method.java:498)
	at org.testng.internal.MethodInvocationHelper.invokeMethod(MethodInvocationHelper.java:80)
	at org.testng.internal.Invoker.invokeMethod(Invoker.java:673)
	at org.testng.internal.Invoker.invokeTestMethod(Invoker.java:842)
	at org.testng.internal.Invoker.invokeTestMethods(Invoker.java:1166)
	at org.testng.internal.TestMethodWorker.invokeTestMethods(TestMethodWorker.java:125)
	at org.testng.internal.TestMethodWorker.run(TestMethodWorker.java:109)
	at org.testng.TestRunner.runWorkers(TestRunner.java:1178)
	at org.testng.TestRunner.privateRun(TestRunner.java:757)
	at org.testng.TestRunner.run(TestRunner.java:608)
	at org.testng.SuiteRunner.runTest(SuiteRunner.java:334)
	at org.testng.SuiteRunner.runSequentially(SuiteRunner.java:329)
	at org.testng.SuiteRunner.privateRun(SuiteRunner.java:291)
	at org.testng.SuiteRunner.run(SuiteRunner.java:240)
	at org.testng.SuiteRunnerWorker.runSuite(SuiteRunnerWorker.java:52)
	at org.testng.SuiteRunnerWorker.run(SuiteRunnerWorker.java:86)
	at org.testng.TestNG.runSuitesSequentially(TestNG.java:1158)
	at org.testng.TestNG.runSuitesLocally(TestNG.java:1083)
	at org.testng.TestNG.run(TestNG.java:999)
	at Runner.runTests(Runner.java:113)
	at Runner.main(Runner.java:77)
	at sun.reflect.NativeMethodAccessorImpl.invoke0(Native Method)
	at sun.reflect.NativeMethodAccessorImpl.invoke(NativeMethodAccessorImpl.java:62)
	at sun.reflect.DelegatingMethodAccessorImpl.invoke(DelegatingMethodAccessorImpl.java:43)
	at java.lang.reflect.Method.invoke(Method.java:498)
	at com.intellij.rt.execution.application.AppMain.main(AppMain.java:147)
]]>
            </full-stacktrace>
          </exception>
        </test-method>
        <test-method status="PASS" signature="test11()" name="test11" duration-ms="65874" started-at="2017-09-19T21:02:21Z" finished-at="2017-09-19T21:03:27Z">
        </test-method>
        <test-method status="PASS" signature="afterTest()" name="afterTest" is-config="true" duration-ms="0" started-at="2017-09-19T21:03:27Z" depends-on-methods="tests.test_Animation.after" finished-at="2017-09-19T21:03:27Z">
        </test-method>
        <test-method status="PASS" signature="after()" name="after" is-config="true" duration-ms="0" started-at="2017-09-19T21:03:27Z" finished-at="2017-09-19T21:03:27Z">
        </test-method>
      </class>
    </test>
    <test name="015" duration-ms="164496" started-at="2017-09-19T21:03:27Z" finished-at="2017-09-19T21:06:12Z">
      <class name="tests.test_Art">
        <test-method status="PASS" signature="test10()" name="test10" duration-ms="164480" started-at="2017-09-19T21:03:27Z" finished-at="2017-09-19T21:06:12Z">
        </test-method>
        <test-method status="PASS" signature="before(org.testng.ITestContext)" name="before" is-config="true" duration-ms="0" started-at="2017-09-19T21:03:27Z" finished-at="2017-09-19T21:03:27Z">
          <params>
            <param index="0">
              <value>
                <![CDATA[org.testng.TestRunner@37313c65]]>
              </value>
            </param>
          </params>
        </test-method>
        <test-method status="PASS" signature="after()" name="after" is-config="true" duration-ms="16" started-at="2017-09-19T21:06:12Z" finished-at="2017-09-19T21:06:12Z">
        </test-method>
        <test-method status="PASS" signature="afterTest()" name="afterTest" is-config="true" duration-ms="0" started-at="2017-09-19T21:06:12Z" depends-on-methods="tests.test_Art.after" finished-at="2017-09-19T21:06:12Z">
        </test-method>
      </class>
    </test>
    <test name="021" duration-ms="139959" started-at="2017-09-19T21:06:12Z" finished-at="2017-09-19T21:08:32Z">
      <class name="tests.test_Collage">
        <test-method status="PASS" signature="before(org.testng.ITestContext)" name="before" is-config="true" duration-ms="0" started-at="2017-09-19T21:06:12Z" finished-at="2017-09-19T21:06:12Z">
          <params>
            <param index="0">
              <value>
                <![CDATA[org.testng.TestRunner@465232e9]]>
              </value>
            </param>
          </params>
        </test-method>
        <test-method status="PASS" signature="test13()" name="test13" duration-ms="139943" started-at="2017-09-19T21:06:12Z" finished-at="2017-09-19T21:08:32Z">
        </test-method>
        <test-method status="PASS" signature="after()" name="after" is-config="true" duration-ms="0" started-at="2017-09-19T21:08:32Z" finished-at="2017-09-19T21:08:32Z">
        </test-method>
        <test-method status="PASS" signature="afterTest()" name="afterTest" is-config="true" duration-ms="0" started-at="2017-09-19T21:08:32Z" depends-on-methods="tests.test_Collage.after" finished-at="2017-09-19T21:08:32Z">
        </test-method>
      </class>
    </test>
  </suite>
</testng-results>
